[   0.000000] Initializing cgroup subsys cpuset  0.000000] Initializing cgroup subsys cpu
[    0.000000] Initializing cgroup subsys cpuacct
[    0.000000] Linux version 4.4.0-142-generic (buildd@lgw01-amd64-033) (gcc version 5.4.0 20160609 (Ubuntu 5.4.0-6ubuntu1~16.04.10) ) #168-Ubuntu SMP Wed Jan 16 21:00:45 UTC 2019 (Ubuntu 4.4.0-142.168-generic 4.4.167)
[    0.000000] Command line: BOOT_IMAGE=/boot/vmlinuz-4.4.0-142-generic root=LABEL=cloudimg-rootfs ro console=tty1 console=ttyS0
[    0.000000] KERNEL supported cpus:
[    0.000000]   Intel GenuineIntel
[    0.000000]   AMD AuthenticAMD
[    0.000000]   Centaur CentaurHauls
[    0.000000] x86/fpu: xstate_offset[2]:  576, xstate_sizes[2]:  256
[    0.000000] x86/fpu: Supporting XSAVE feature 0x01: 'x87 floating point registers'
[    0.000000] x86/fpu: Supporting XSAVE feature 0x02: 'SSE registers'
[    0.000000] x86/fpu: Supporting XSAVE feature 0x04: 'AVX registers'
[    0.000000] x86/fpu: Enabled xstate features 0x7, context size is 832 bytes, using 'standard' format.
[    0.000000] e820: BIOS-provided physical RAM map:
[    0.000000] BIOS-e820: [mem 0x0000000000000000-0x000000000009fbff] usable
[    0.000000] BIOS-e820: [mem 0x000000000009fc00-0x000000000009ffff] reserved
[    0.000000] BIOS-e820: [mem 0x00000000000f0000-0x00000000000fffff] reserved
[    0.000000] BIOS-e820: [mem 0x0000000000100000-0x00000000dffeffff] usable
[    0.000000] BIOS-e820: [mem 0x00000000dfff0000-0x00000000dfffffff] ACPI data
[    0.000000] BIOS-e820: [mem 0x00000000fec00000-0x00000000fec00fff] reserved
[    0.000000] BIOS-e820: [mem 0x00000000fee00000-0x00000000fee00fff] reserved
[    0.000000] BIOS-e820: [mem 0x00000000fffc0000-0x00000000ffffffff] reserved
[    0.000000] BIOS-e820: [mem 0x0000000100000000-0x000000011fffffff] usable
[    0.000000] NX (Execute Disable) protection: active
[    0.000000] SMBIOS 2.5 present.
[    0.000000] Hypervisor detected: KVM
[    0.000000] e820: last_pfn = 0x120000 max_arch_pfn = 0x400000000
[    0.000000] MTRR: Disabled
[    0.000000] x86/PAT: MTRRs disabled, skipping PAT initialization too.
[    0.000000] CPU MTRRs all blank - virtualized system.
[    0.000000] x86/PAT: Configuration [0-7]: WB  WT  UC- UC  WB  WT  UC- UC  
[    0.000000] e820: last_pfn = 0xdfff0 max_arch_pfn = 0x400000000
[    0.000000] found SMP MP-table at [mem 0x0009fff0-0x0009ffff] mapped at [ffff88000009fff0]
[    0.000000] Scanning 1 areas for low memory corruption
[    0.000000] RAMDISK: [mem 0x3630a000-0x3717cfff]
[    0.000000] ACPI: Early table checksum verification disabled
[    0.000000] ACPI: RSDP 0x00000000000E0000 000024 (v02 VBOX  )
[    0.000000] ACPI: XSDT 0x00000000DFFF0030 00003C (v01 VBOX   VBOXXSDT 00000001 ASL  00000061)
[    0.000000] ACPI: FACP 0x00000000DFFF00F0 0000F4 (v04 VBOX   VBOXFACP 0000001 ASL  00000061)
[    0.000000] ACPI: DSDT 0x00000000DFFF0480 0021FF (v02 VBOX   VBOXBIOS 00000002 INTL 20180105)
[    0.000000] ACPI: FACS 0x00000000DFFF0200 000040
[    0.000000] ACPI: FACS 0x00000000DFFF0200 000040
[    0.000000] ACPI: APIC 0x00000000DFFF0240 00006C (v02 VBOX   VBOXAPIC 00000001 ASL  00000061)
[    0.000000] ACPI: SSDT 0x00000000DFFF02B0 0001CC (v01 VBOX   VBOXCPUT 00000002 INTL 20180105)
[    0.000000] No NUMA configuration found
[    0.000000] Faking a node at [mem 0x0000000000000000-0x000000011fffffff]
[    0.000000] NODE_DATA(0) allocated [mem 0x11fff7000-0x11fffbfff]
[    0.000000 kvmlok:Using sr4b64d01 and 4b564d00
[    0.000000] kvm-clock: cpu 0, msr 1:1ffef001, primary cpu clock
[    0.000000] kvm-clock: using sched offset of 3186210491 cycles
[    0.000000] clocksource: kvm-clock: mask: 0xffffffffffffffff max_cycles: 0x1cd42e4dffb, max_idle_ns: 881590591483 ns
[    0.000000] Zone ranges:
[    0.000000]   DMA      [mem 0x0000000000001000-0x0000000000ffffff]
[    0.000000]   DMA32    [mem 0x0000000001000000-0x00000000ffffffff]
[    0.000000]   Normal   [mem 0x0000000100000000-0x000000011fffffff]
[    0.000000]   Device   empty
[    0.000000] Movable zone start for each node
[    0.000000] Early memory node ranges
[    0.000000]   node   0: [mem 0x0000000000001000-0x000000000009efff]
[    0.000000]   node   0: [mem 0x0000000000100000-0x00000000dffeffff]
[    0.000000]   node   0: [mem 0x0000000100000000-0x000000011fffffff]
[    0.000000] Initmem setup node 0 [mem 0x0000000000001000-0x000000011fffffff]
[    0.000000] ACPI: PM-Timer IO Port: 0x4008
[    0.000000] IOAPIC[0]: apic_id 4, version 32, address 0xfec00000, GSI 0-23
[    0.000000] ACPI: INT_RCVR(bus0 s_rq 0 gbairq df dl)
[  000000] AI:NT_SRCOVR (bus 0 bus_irq 9 global_irq 9 low level)
[    0.000000] Using ACPI (MADT) for SMP configuration information
[    0.000000] smpboot: Allowing 4 CPUs, 0 hotplug CPUs
[    0.000000] PM: Registered nosvememory [m x000000-0x00000fff]
[    0.000000] PM: Registered nosave memory: [mem 0x0009f000-0x0009ffff]
[    0.000000] PM: Registered nosave memory: [mem 0x000a0000-0x000effff]
[    0.000000] PM: Registered nosave memory: [mem 0x000f0000-0x000fffff]
[    0.000000] PM: Registered nosave memory: [mem 0xdfff0000-0xdfffffff]
[    0.000000] PM: Registered nosave memory: [mem 0xe0000000-0xfebfffff]
[    0.000000] PM: Registered nosave memory: [mem 0xfec00000-0xfec00fff]
[    0.000000] PM: Registered nosave memory: [mem 0xfec01000-0xfedfffff]
[    0.000000] PM: Registered nosave memory: [mem 0xfee00000-0xfee00fff]
[    0.000000] PM: Registered nosave memory: [mem 0xfee01000-0xfffbffff]
[    0.000000] PM: Registered nosave memory: [mem 0xfffc0000-0xffffffff]
[    0.000000] e820: [mem 0xe0000000-0xfebfffff] available for PCI devices
[    0.000000] Booting paravirtualized kernel on KVM
[    0.000000] clocksource: refined-jiffies: mask: 0xffffffff max_cycles: 0xffffffff, max_idle_ns: 7645519600211568 ns
[    0.000000] setup_percpu: NR_CPUS:512 nr_cpumask_bits:512 nr_cpu_ids:4 nr_node_ids:1
[    0.000000] PECPU: Embedded 34 pages/cpu @ffff88011fc00000 s99480 r8192 d31592 u524288
[    0.000000] Built 1 zonelists in Node order, mobility grouping on.  Total pages: 1032056
[    0.000000] Policy zone: Norma
[    0.00000] Kernel command line: BOOT_IMAGE=/boot/vmlinuz-4.4.0-142-generic root=LABEL=cloudimg-rootfs ro console=tty1 console=ttyS0
[    0.000000] PID hash table entries: 4096 (order: 3, 32768 bytes)
[    0.000000] Memory: 4027976K/4193848K available (8603K kernel code, 1332K rwdata, 4004K rodata, 1484K init, 1316K bss, 165872K reserved, 0K cma-reserved)
[    0.000000] SLUB: HWalign=64, Order=0-3, MinObjects=0, CPUs=4, Nodes=1
[    0.000000] Kernel/User page tables isolation: enabled
[    0.000000] Hierarchical RCU implementation.
[    0.000000] 	Build-time adjustment of leaf fanout to 64.
[    0.000000] 	RCU restricting CPUs from NR_CPUS=512 to nr_cpu_ids=4.
[    0.000000] RCU: Adjusting geometry for rcu_fanout_leaf=64, nr_cpu_ids=4
[    0.000000] NR_IS:024 nrrq456 6
[    0.000000] Console: colour VGA+ 80x25
[    0.000000] console [tty1] enabled
[    0.000000] console [ttyS0] enabled
[    0.000000] tsc: Detected 1991.999 MHz processor
[    1.125074] Calibrating delay loop (skipped) preset value.. 3983.99 BogoMIPS (lpj=7967996)
[    1.126502] pid_max: default: 32768 minimum: 301
[    1.127365] ACPI:or revision 20150930
[    1.190046] ACPI: 2 ACPI AML tables successfully acquired and loaded
[    1.191405] Security Framework initialized
[    1.192195] Yama: becoming mindful.
[    1.192811] AppArmor: AppArmor initialized
[    1.194048] Dentry cache hash table entries: 524288 (order: 10, 4194304 bytes)
[    1.196666] Inode-cache hash table entries: 262144 (order: 9, 2097152 bytes)
[    1.220679] Mount-cache hash table entries: 8192 (order: 4, 65536 bytes)
[    1.229770] Mountpoint-cache hash table entries: 8192 (order: 4, 65536 bytes)
[    1.232048] Initializing cgroup subsys io
[    1.232780] Initializing cgroup subsys memory
[    1.233547] Initializing cgroup subsys devices
[    1.234302] Initializing cgroup subsys freezer
[    1.235075] Initializing cgroup subsys net_cls
[    1.235845] Initializing cgroup subsys perf_event
[    1.236678] Initializing cgroup subsys net_prio
[    1.237510] Initializing cgroup subsys hugetlb
[    1.238414] Initializing cgroup subsys pids
[    1.240451] mce: CPU supports 0 MCE banks
[    1.241137] Last level iTLB entries: 4KB 64, 2MB 8, 4MB 8
[    1.241985] Last level dTLB entries: 4KB 64, 2MB 0, 4MB 0, 1GB 4
[    1.242909] Spectre V2 : Mitigation: Full generic retpoline
[    1.243777] Spectre V2 : Spectre v2 / SpectreRSB mitigation: Filling RSB on context switch
[    1.245305] Speculative Store Bypass: Vulnerable
[    1.248834] Freeing SMP alternatives memory: 32K
[    1.255195] ftrace: allocating 32277 entries in 127 pages
[    1.311188] smpboot: APIC(0) Converting physical 0 to logical package 0
[    1.347955] smpboot: Max logical packages: 1
[    1.349088] x2apic enabled
[    1.349954] Switched APIC routing to physical x2apic.
[    1.351980] ..TIMER: vector=0x30 apic1=0 pin1=2 apic2=-1 pin2=-1
[    1.459739] smpboot: CPU0: Intel(R) Core(TM) i7-8550U CPU @ 1.80GHz (family: 0x6, model: 0x8e, stepping: 0xa)
[    1.479164] Performance Events: unsupported p6 CPU model 142 no PMU driver, software events only.
[    1.490575] KVM setup paravirtual spinlock
[    1.493225] x86: Booting SMP configuration:
[    1.493985] .... node  #0, CPUs:      #1
[    1.494879] kvm-clock: cpu 1, msr 1:1ffef041, secondary cpu clock
[    1.496858] mce: CPU supports 0 MCE banks
[    1.515913]  #2
[    1.516419] kvm-clock: cpu 2, msr 1:1ffef081, secondary cpu clock
[    1.523695] mce: CPU supports 0 MCE banks
[    1.546590]  #3
[    1.555915] kvm-clock: cpu 3, msr 1:1ffef0c1, secondary cpu clock
[    1.558349] mce: CPU supports 0 MCE banks
[    1.561082] x86: Booted up 1 node, 4 CPUs
[    1.562462] smpboot: Total of 4 processors activated (15935.99 BogoMIPS)
[    1.566879] devtmpfs: initialized
[    1.577454] evm: security.selinux
[    1.597927] evm: security.SMACK64
[    1.625245] evm: security.SMACK64EXEC
[    1.626028] evm: security.SMACK64TRANSMUTE
[    1.637521] evm: security.SMACK64MMAP
[    1.655620] evm: security.ima
[    1.656370] evm: security.capability
[    1.658018] clocksource: jiffies: mask: 0xffffffff max_cycles: 0xffffffff, max_idle_ns: 7645041785100000 ns
[    1.676128] futex hash table entries: 1024 (order: 4, 65536 bytes)
[    1.683951] pinctrl core: initialized pinctrl subsystem
[    1.685196] RTC time:  6:18:22, date: 05/07/19
[    1.686471] NET: Registered protocol family 16
[    1.701847] cpuidle: using governor ladder
[    1.716015] cpuidle: using governor menu
[    1.718634] PCCT header not found.
[    1.720021] ACPI: bus type PCI registered
[    1.726773] acpiphp: ACPI Hot Plug PCI Controller Driver version: 0.5
[    1.728670] PCI: Using configuration type 1 for base access
[    1.745484] ACPI: Added _OSI(Module Device)
[    1.746855] ACPI: Added _OSI(Processor Device)
[    1.748152] ACPI: Added _OSI(3.0 _SCP Extensions)
[    1.755113] ACPI: Added _OSI(Processor Aggregator Device)
[    1.758005] ACPI: Executed 1 blocks of module-level executable AML code
[    1.768788] ACPI: Interpreter enabled
[    1.784447] ACPI: (supports S0 S5)
[    1.785186] ACPI: Using IOAPIC for interrupt routing
[    1.786283] PCI: Using host bridge windows from ACPI; if necessary, use "pci=nocrs" and report a bug
[    1.792796] ACPI: PCI Root Bridge [PCI0] (domain 0000 [bus 00-ff])
[    1.796044] acpi PNP0A03:00: _OSC: OS supports [ASPM ClockPM Segments MSI]
[    1.804031] acpi PNP0A03:00: _OSC: not requesting OS control; OS requires [ExtendedConfig ASPM ClockPM MSI]
[    1.808528] acpi PNP0A03:00: fail to add MMCONFIG information, can't access extended PCI configuration space under this bridge.
[    1.811100] PCI host bridge to bus 0000:00
[    1.813360] pci_bus 0000:00: root bus resource [io  0x0000-0x0cf7 window]
[    1.843570] pci_bus 0000:00: root bus resource [io  0x0d00-0xffff window]
[    1.845180] pci_bus 0000:00: root bus resource [mem 0x000a0000-0x000bffff window]
[    1.901990] pci_bus 0000:00: root bus resource [mem 0xe0000000-0xfdffffff window]
[    1.911889] pci_bus 0000:00: root bus resource [bus 00-ff]
[    1.915142] pci 0000:00:01.1: legacy IDE quirk: reg 0x10: [io  0x01f0-0x01f7]
[    1.916371] pci 0000:00:01.1: legacy IDE quirk: reg 0x14: [io  0x03f6]
[    1.917663] pci 0000:00:01.1: legacy IDE quirk: reg 0x18: [io  0x0170-0x0177]
[    1.924542] pci 0000:00:01.1: legacy IDE quirk: reg 0x1c: [io  0x0376]
[    2.012384] pci 0000:00:07.0: quirk: [io  0x4000-0x403f] claimed by PIIX4 ACPI
[    2.025193] pci 0000:00:07.0: quirk: [io  0x4100-0x410f] claimed by PIIX4 SMB
[    2.089559] ACPI: PCI Interrupt Link [LNKA] (IRQs 5 9 10 *11)
[    2.103836] ACPI: PCI Interrupt Link [LNKB] (IRQs 5 9 *10 11)
[    2.118246] ACPI: PCI Interrupt Link [LNKC] (IRQs 5 *9 10 11)
[    2.119786] ACPI: PCI Interrupt Link [LNKD] (IRQs 5 9 10 *11)
[    2.126895] ACPI: Enabled 2 GPEs in block 00 to 07
[    2.140514] vgaarb: setting as boot device: PCI:0000:00:02.0
[    2.143969] vgaarb: device added: PCI:0000:00:02.0,decodes=io+mem,owns=io+mem,locks=none
[    2.146194] vgaarb: loaded
[    2.148040] vgaarb: bridge control possible 0000:00:02.0
[    2.202060] SCSI subsystem initialized
[    2.203028] ACPI: bus type USB registered
[    2.203890] usbcore: registered new interface driver usbfs
[    2.204966] usbcore: registered new interface driver hub
[    2.206005] usbcore: registered new device driver usb
[    2.207306] PCI: Using ACPI for IRQ routing
[    2.208299] NetLabel: Initializing
[    2.208918] NetLabel:  domain hash size = 128
[    2.222911] NetLabel:  protocols = UNLABELED CIPSOv4
[    2.225657] NetLabel:  unlabeled traffic allowed by default
[    2.237431] amd_nb: Cannot enumerate AMD northbridges
[    2.239046] clocksource: Switched to clocksource kvm-clock
[    2.248934] AppArmor: AppArmor Filesystem Enabled
[    2.255276] pnp: PnP ACPI init
[    2.256771] pnp: PnP ACPI: found 3 devices
[   2.267515] clocksource: acpi_pm: mask: 0xffffff max_cycles: 0xffffff, max_idle_ns: 2085701024 ns
[    2.291669] NET: Registered protocol family 2
[    2.292655] TCP established hash table entries: 32768 (order: 6, 262144 bytes)
[    2.294020] TCP bind hash table entries: 32768 (order: 7, 524288 bytes)
[   .295558] TCP: Hash tables configured (established 32768 bind 32768)
[    2.346390] UDP hash table entries: 204(order4, 65536 bytes)
[    2.441544] UDP-Lite hash table entries: 2048 (order: 4, 65536 bytes)
[    2.442788] NET: Registered protocol family 1
[    2.443765] pci 0000:00:00.0: Limiting direct PCI/PCI transfers
[   4422] pci 0000:00:01.0: Activating ISA DMA hang workarounds
[   5500 Upacking initramfs...

[   2.923367] Freeing initrd memory: 14796K
[    2.947704]CIMA: insoftware bounce buffering for IO (SWIOTLB)
[    3.126298] software IO TLB [mem 0xdbff0000-0xdfff0000] (64MB) mapped at [ffff8800dbff0000-ff80deff][  3.372] platrmtcmos: registered platform RTC device (no PNP device found)
[    3.59] Scanning for low memory corruption every 60 seconds
[    3.720799] audit: initializing netlink subsys (disabled)
[    3.721739] audit: type=2000 audit(1557209908.017:1): initiaze
[    3.804164] Initialise system trusted keyring
[    3.819383] HugeTLB registered 2 MB page size, pre-allocated 0 pages
[    3.837500] zbud: loaded
[    3.838461] VFS: Disk quotas dquot_6.6.0
[    3.839502] VFS: Dquot-cache hash table entries: 512 (order 0, 4096 bytes)
[    3.841330] squashfs: version 4.0 (2009/01/31) Phillip Lougher
[    3.842647] fuse init (API version 7.23)
[    3.843662] Key type big_key registered
[    3.844397] Allocating IMA MOK and blacklist keyrings.
[    3.847284] Key type asymmetric registered
[    3.858652] Asymmetric key parser 'x509' registered
[    3.859602] Block layer SCSI generic (bsg) driver version 0.4 loaded (major 249)
[    3.861137] io scheduler noop registered
[    3.862024] io scheduler deadline registered (default)
[    3.863200] io scheduler cfq registered
[    3.864252] pci_hotplug: PCI Hot Plug PCI Core version: 0.5
[    3.865368] pciehp: PCI Express Hot Plug Controller Driver version: 0.4
[    3.866724] ACPI: AC Adapter [AC] (on-line)
[    3.867642] input: Power Button as /devices/LNXSYSTM:00/LNXPWRBN:00/input/input0
[    3.869024] ACPI: Power Button [PWRF]
[    3.869747] input: Sleep Button as /devices/LNXSYSTM:00/LNXSLPBN:00/input/input1
[    3.871160] ACPI: Sleep Button [SLPF]
[    3.872065] GHES: HEST is not enabled!
[    3.872928] Serial: 8250/16550 driver, 32 ports, IRQ sharing enabled
[    3.895619] 00:02: ttyS0 at I/O 0x3f8 (irq = 4, base_baud = 115200) is a 16550A
[    3.933278] Linux agpgart interface v0.103
[    3.936067] loop: module loaded
[    3.937433] scsi host0: ata_piix
[    3.973483] scsi host1: ata_piix
[    3.974111] ata1: PATA max UDMA/33 cmd 0x1f0 ctl 0x3f6 bmdma 0xd000 irq 14
[    3.975155] ata2: PATA max UDMA/33 cmd 0x170 ctl 0x376 bmdma 0xd008 irq 15
[    3.976300] libphy: Fixed MDIO Bus: probed
[    3.977032] tun: Universal TUN/TAP device driver, 1.6
[    3.979695] tun: (C) 1999-2004 Max Krasnyansky <maxk@qualcomm.com>
[    3.980664] PPP generic driver version 2.4.2
[    3.981496] ehci_hcd: USB 2.0 'Enhanced' Host Controller (EHCI) Driver
[    3.982412] ehci-pci: EHCI PCI platform driver
[    3.983092] ehci-platform: EHCI generic platform driver
[    3.983963] ohci_hcd: USB 1.1 'Open' Host Controller (OHCI) Driver
[    3.984856] ohci-pci: OHCI PCI platform driver
[    3.985599] ohci-platform: OHCI generic platform driver
[    3.986419] uhci_hcd: USB Universal Host Controller Interface driver
[    3.987397] i8042: PNP: PS/2 Controller [PNP0303:PS2K,PNP0f03:PS2M] at 0x60,0x64 irq 1,12
[    3.989586] serio: i8042 KBD port at 0x60,0x64 irq 1
[    3.990441] serio: i8042 AUX port at 0x60,0x64 irq 12
[    3.991493] mousedev: PS/2 mouse device common for all mice
[    3.992720] input: AT Translated Set 2 keyboard as /devices/platform/i8042/serio0/input/input2
[    3.994492] rtc_cmos rtc_cmos: rtc core: registered rtc_cmos as rtc0
[    3.995652] rtc_cmos rtc_cmos: alarms up to one day, 114 bytes nvram
[    3.996665] i2c /dev entries driver
[    3.997387] device-mapper: uevent: version 1.0.3
[    3.998297] device-mapper: ioctl: 4.34.0-ioctl (2015-10-28) iniiase ddeel@redhat.com
[    4.181306] ledtrig-cpu: registered to indicate activity on CPUs

[    4.182805] NET: Registered protocol family 10
[    4.183719] NET: Registered protocol family 17
[    4.184422] Key type dns_resolver registered
[    4.185439] registered taskstats version 1
[    4.186050] Loading compiled-in X.509 certificates
[    4.187620] Loaded X.509 cert 'Build time autogenerated kernel key: bff73e56bc0efa7435b2a24f5427674623f1be80'
[    4.259628] zswap: loaded using pool lzo/zbud
[    4.262803] Key type trusted registered
[    4.266979] Key type encrypted registered
[    4.296379] AppArmor: AppArmor sha1 policy hashing enabled
[    4.297565] ima: No TPM chip found, activating TPM-bypass!
[    4.298778] ima: Allocated hash algorithm: sha1
[    4.299802] evm: HMAC attrs: 0x1
[    4.300848]   Magic number: 3:424:316
[    4.301544] tty tty41: hash matches
[    4.303621] rtc_cmos rtc_cmos: setting system clock to 2019-05-07 06:18:25 UTC (1557209905)
[    4.305181] BIOS EDD facility v0.16 2004-Jun-25, 0 devices found
[    4.306031] EDD information not available.
[    4.307715] Freeing unused kernel memory: 1484K
[    4.319424] Write protecting the kernel read-only data: 14336k
[    4.326217] Freeing unused kernel memory: 1624K
[    4.330241] Freeing unused kernel memory: 92K
Loading, please wait...
[    4.348450] tsc: Refined TSC clocksource calibration: 1987.570 MHz
[    4.351426] clocksource: tsc: mask: 0xffffffffffffffff max_cycles: 0x394ca0462ca, max_idle_ns: 881590763700 ns
starting version 229
[    4.365252] random: systemd-udevd: uninitialized urandom read (16 bytes read, 3 bits of entropy available)
[    4.366085] random: udevadm: uninitialized urandom read (16 bytes read, 3 bits of entropy available)
[    4.366118] random: udevadm: uninitialized urandom read (16 bytes read, 3 bits of entropy available)
[    4.372786] random: systemd-udevd: uninitialized urandom read (16 bytes read, 3 bits of entropy available)
[    4.378739] random: udevadm: uninitialized urandom read (16 bytes read, 3 bits of entropy available)
[    4.378790] random: udevadm: uninitialized urandom read (16 bytes read, 3 bits of entropy available)
[    4.379074] random: udevadm: uninitialized urandom read (16 bytes read, 3 bits of entropy available)
[    4.379152] random: udevadm: uninitialized urandom read (16 bytes read, 3 bits of entropy available)
[    4.379215] random: udevadm: uninitialized urandom read (16 bytes read, 3 bits of entropy available)
[    4.379276] random: udevadm: uninitialized urandom read (16 bytes read, 3 bits of entropy available)
[    4.440720] Fusion MPT base driver 3.04.20
[    4.441252] e1000: Intel(R) PRO/1000 Network Driver - version 7.3.21-k8-NAPI
[    4.441252] e1000: Copyright (c) 1999-2006 Intel Corporation.
[    4.444821] Copyright (c) 1999-2008 LSI Corporation
[    4.452044] Fusion MPT SPI Host driver 3.04.20
[    4.453547] AVX2 version of gcm_enc/dec engaged.
[    4.454498] AES CTR mode by8 optimization enabled
[    4.664363] input: ImExPS/2 Generic Explorer Mouse as /devices/platform/i8042/serio1/input/input4
[    4.808511] e1000 0000:00:03.0 eth0: (PCI:33MHz:32-bit) 02:47:ec:b6:72:35
[    4.820059] e1000 0000:00:03.0 eth0: Intel(R) PRO/1000 Network Connection
[    5.502112] e1000 0000:00:08.0 eth1: (PCI:33MHz:32-bit) 08:00:27:f0:c4:ae
[    5.529863] e1000 0000:00:08.0 eth1: Intel(R) PRO/1000 Network Connection
[    5.532284] e1000 0000:00:08.0 enp0s8: renamed from eth1
[    5.536270] mptbase: ioc0: Initiating bringup
[    5.563195] e1000 0000:00:03.0 enp0s3: renamed from eth0
[    5.621858] ioc0: LSI53C1030 A0: Capabilities={Initiator}
[    5.977886] scsi host2: ioc0: LSI53C1030 A0, FwRev=00000000h, Ports=1, MaxQ=256, IRQ=20
[    6.477974] scsi 2:0:0:0: Direct-Access     VBOX     HARDDISK         1.0  PQ: 0 ANSI: 5
[    6.484355] scsi target2:0:0: Beginning Domain Validation
[    6.548400] scsi target2:0:0: Domain Validation skipping write tests
[    6.805352] scsi target2:0:0: Ending Domain Validation
[    6.806528] scsi target2:0:0: asynchronous
[    6.808154] scsi 2:0:1:0: Direct-Access     VBOX     HARDDISK         1.0  PQ: 0 ANSI: 5
[    6.809623] scsi target2:0:1: Beginning Domain Validation
[    6.811336] scsi target2:0:1: Domain Validation skipping write tests
[    6.812435] scsi target2:0:1: Ending Domain Validation
[    6.813480] scsi target2:0:1: asynchronous
[    6.821223] sd 2:0:0:0: Attached scsi generic sg0 type 0
[    6.822167] sd 2:0:0:0: [sda] 20971520 512-byte logical blocks: (10.7 GB/10.0 GiB)
[    6.822342] sd 2:0:1:0: Attached scsi generic sg1 type 0
[    6.822482] sd 2:0:1:0: [sdb] 20480 512-byte logical blocks: (10.5 MB/10.0 MiB)
[    6.822627] sd 2:0:1:0: [sdb] Write Protect is off
[    6.822757] sd 2:0:1:0: [sdb] Incomplete mode parameter data
[    6.822758] sd 2:0:1:0: [sdb] Assuming drive cache: write through
[    6.825095] sd 2:0:1:0: [sdb] Attached SCSI disk
[    6.892166] sd 2:0:0:0: [sda] Write Protect is off
[    6.893097] sd 2:0:0:0: [sda] Incomplete mode parameter data
[    6.894093] sd 2:0:0:0: [sda] Assuming drive cache: write through
[    6.896443]  sda: sda1
[    6.897538] sd 2:0:0:0: [sda] Attached SCSI disk
Begin: Loading essential drivers ... [    8.229571] md: linear personality registered for level -1
[    8.232895] md: multipath personality registered for level -4
[    8.236492] md: raid0 personality registered for level 0
[    8.241561] md: raid1 personality registered for level 1
[    8.311368] raid6: sse2x1   gen() 10500 MB/s
[    8.391272] raid6: sse2x1   xor()  6337 MB/s
[    8.463213] raid6: sse2x2   gen() 11752 MB/s
[    8.543174] raid6: sse2x2   xor()  7086 MB/s
[    8.611135] raid6: sse2x4   gen() 10545 MB/s
[    8.679136] raid6: sse2x4   xor()  3386 MB/s
[    8.747154] raid6: avx2x1   gen() 12791 MB/s
[    8.815068] raid6: avx2x2   gen() 15760 MB/s
[    8.898325] raid6: avx2x4   gen() 21796 MB/s
[    8.911479] raid6: using algorithm avx2x4 gen() 21796 MB/s
[    8.912803] raid6: using avx2x2 recovery algorithm
[    8.915678] xor: automatically using best checksumming function:
[    8.955141]    avx       : 13454.000 MB/sec
[    9.008540] async_tx: api initialized (async)
[    9.032350] md: raid6 personality registered for level 6
[    9.033587] md: raid5 personality registered for level 5
[    9.036740] md: raid4 personality registered for level 4
[    9.048512] md: raid10 personality registered for level 10
done.
Begin: Running /scripts/init-premount ... done.
Begin: Mounting root file system ... Begin: Running /scripts/local-top ... done.
Begin: Running /scripts/local-premount ... [    9.084864] Btrfs loaded
Scanning for Btrfs filesystems
done.
Warning: fsck not present, so sk[    9.115658] EXT4-fs (sda1): mounted filesystem with ordered data mode. Opts: (null)
ipping root file system
done.
Begin: Running /scripts/local-bottom ... done.
Begin: Running /scripts/init-bottom ... done.
[    2539] syte[1]: systemd 229 running in system mode. (+PAM +AUDIT +SELINUX +IMA +APPARMOR +SMACK +SYSVINIT +UTMP +LIBCRYPTSETUP +GCRYPT +GNUTLS +ACL +XZ -LZ4 +SECCOMP +BLKID +ELFUTILS +KMOD -IDN)
[    9.465416] systemd[1]: Detected virtualization oracle.
[    9.466363] systemd[1]: Detected architecture x86-64.

Welcome to [1mUbuntu 16.04.5 LTS[0m!

[    9.469837] systemd[1]: Set hostname to <ubuntu>.
[    9.472576] systemd[1]: Initializing machine ID from random generator.
[    9.473743] systemd[1]: Installed transient /etc/machine-id file.
[ 10449]syem1] Listening on udev Kerel Socet.
[[0;32m  OK  [0m] Listening on udev Kernel Socket.
[   10.459587] systemd[1]: Reachd rget Swap.
[[0;32m  OK  [0m] Reached target Swap.
[   10.816377] systemd[1]: Listening on udev Control Socket.
[[0;32m  OK  [0m] Listening on udev Control Socket.
[   10.888043] systemd[1]: Lteng on LVM2 poll daemon socket.
[[0;32m  OK  [0m] Listening on LVM2 poll daemon socket.
[   11.006692] systemd[1]: Created slice User and Session Slice.

[[0;32m  OK  [0m] Created slice User and Session Slice.
[   11.008805] systemd[1]: Listening on /dev/initctl Compatibility Named Pipe.
[[0;32m  OK  [0m] Listening on /dev/initctl Compatibility Named Pipe.
[   11.028684] systemd[1]: Listening on Syslog Socket.
[[0;32m  OK  [0m] Listening on Syslog Socket.
[   11.042209] systemd[1]: Reacedart eranGrp ame okps.
[[0;32m  OK  [0m] Reached target User and Group Name Lookups.
[ 11.511276] systemd[1]: Lisening on LVM2 metadata daemon socket.
[[0;32m  OK  [0m] Listening on LVM2 metadata daemon socket.
[   11.593242] systemd[1]: Reached target System Time Synchronized.
[[0;32m  OK  [0m] Reached target System Time Synchronized.
[   1.847943] systemd[1]: Started Forward Password Requests to Wall Directory Watch.
[[0;32m  OK  [0m] Started Forward Password Requests to Wall Directory Watch.
[   11.902691] systemd[1]: Created slice System Slice.
[[0;32m  OK  [0m] Created slice System Slice.
[   11.904661] systemd[1]: Created slice system-serial\x2dgetty.slice.
[[0;32m  OK  [0m] Created slice system-serial\x2dgetty.slice.
[  190802] sstd[: sting on Journal Audit Socket.
[[0;32m  OK  [0m] Listening on Journal Audit Socket.
[   12.218556] systemd[1]: Listening on Journal Socket (/dev/log).
[[0;32m  OK  [0m] Listening on Journal Socket (/dev/log).
[   12.220627] systemd[1]: Listening on Journal Soket.
[[0;32m  OK  [0m] Listening on Journal Socket.
[   12.546673] systemd[1]: Mounting Debug File System...
         Mounting Debug File System...
[   12.562246] systemd[1]: Starting Set console keymap...
         Starting Set console keymap...
[   12.624061] systemd[1]: Starting Create list of required static device nodes for the current kernel...
         Starting Create list of required st... nodes for the current kernel...
[   12.650407] systemd[1]: Mounting Huge Pages File System...
         Mounting Huge Pages File System...
[   12.656528] systemd[1]: Starting Nameserver information manager...
         Starting Nameserver information manager...
[   12.661699] systemd[1]: Starting Journal Service...
         Starting Journal Service...
[   12.672763] systemd[1]: Starting Uncomplicated firewall...
         Starting Uncomplicated firewall...
[ 1271451] systemd[1]: Set up automount Arbitrary Executable File Formats File System Automount Point.
[[0;32m  OK  [0m] Set up automount Arbitrary Executab...ats File System Automount Point.
[   12.873918] random: nonblocking pool is initialized
[   12.887581] systemd[1]: Starting Remount Root and Kernel File Systems...
[   12.893540] EXT4-fs (sda1): re-mounted. Opts: (null)
         Starting Remount Root and Kernel File Systems...
[   12.904014] systemd[1]: Started Trigger resolvconf update for networkd DNS.
[[0;32m  OK  [0m] Started Trigger resolvconf update for networkd DNS.
[   12.907245] systemd[1]: Reached target Encrypted Volumes.
[[0;32m  OK  [0m] Reached target Encrypted Volumes.
[   12.912124] systemd[1]: Starting Load Kernel Modules...
[   12.959949] Loading iSCSI transport class v2.0-870.
         Starting Load Kernel Modules...
[   12.961418] systemd[1]: Listening on Device-mapper event daemon FIFOs.
[[0;32m  OK  [0m] Listening on Device-mapper event daemon FIFOs.
[   12.989478] systemd[1]: Starting Monitoring of LVM2 mirrors, snapshots etc. using dmeventd or progress polling...
         Starting Monitoring of LVM2 mirrors... dmeventd or progress polling...
[   12.995007] systemd[1]: Mounting POSIX Message Queue File System...
[   12.996391] iscsi: registered transport (tcp)
         Mounting POSIX Message Queue File System...
[   12.998006] systemd[1]: Reached target Slices.
[[0;32m  OK  [0m] Reached target Slices.
[   13.001702] systemd[1]: Mounted Huge Pages File System.
[[0;32m  OK  [0m] Mounted Huge Pages File System.
[   13.056949] systemd[1]: Mounted Debug File System.
[[0;32m  OK  [0m] Mounted Debug File System.
[   13.058937] systemd[1]: Mounted POSIX Message Queue File System.
[[0;32m  OK  [0m] Mounted POSIX Message Queue File System.
[   13.061317] systemd[1]: Started Journal Service.
[[0;32m  OK  [0m] Started Journal Service.
[[0;32m  OK  [0m] Started Set console keymap.
[[0;32m  OK  [0m] Started Create list of required sta...ce nodes for the current kernel.
[   13.073041] iscsi: registered transport (iser)
[[0;32m  OK  [0m] Started Uncomplicated firewall.
[[0;32m  OK  [0m] Started Remount Root and Kernel File Systems.
[[0;32m  OK  [0m] Started Load Kernel Modules.
[[0;32m  OK  [0m] Started Nameserver information manager.
[[0;32m  OK  [0m] Started LVM2 metadata daemon.
         Starting Apply Kernel Variables...
         Mounting FUSE Control File System...
         Starting Load/Save Random Seed...
         Starting udev Coldplug all Devices...
         Starting Create Static Device Nodes in /dev...
         Starting Flush Journal to Persistent Storage...
[[0;32m  OK  [0m] Mounted FUSE Control File System.
[[0;32m  OK  [0m] Started Monitoring of LVM2 mirrors,...ng dmeventd or progress polling.
[[0;32m  OK  [0m] Started Apply Kernel Variables.
[[0;32m  OK  [0m] Started Load/Save Random Seed.
[[0;32m  OK  [0m] Started Create Static Device Nodes in /dev.
[[0;32m  OK  [0m] Started udev Coldplug all Devices.
[[0;32m  OK  [0m] Started Flush Journal to Persistent Storage.
         Starting udev Kernel Device Manager...
[[0;32m  OK  [0m] Reached target Local File Systems (Pre).
[[0;32m  OK  [0m] Reached target Local File Systems.
         Starting Commit a transient machine-id on disk...
         Starting Create Volatile Files and Directories...
         Starting LSB: AppArmor initialization...
         Starting Tell Plymouth To Write Out Runtime Data...
         Starting Set console font and keymap...
         Starting Initial cloud-init job (pre-networking)...
[[0;32m  OK  [0m] Started udev Kernel Device Manager.
[[0;32m  OK  [0m] Started Create Volatile Files and Directories.
[[0;32m  OK  [0m] Started Commit a transient machine-id on disk.
[[0;32m  OK  [0m] Started Tell Plymouth To Write Out Runtime Data.
[[0;32m  OK  [0m] Found device /dev/ttyS0.
[[0;32m  OK  [0m] Listening on Load/Save RF Kill Switch Status /dev/rfkill Watch.
         Starting Update UTMP about System Boot/Shutdown...
[[0;32m  OK  [0m] Started Dispatch Password Requests to Console Directory Watch.
[[0;32m  OK  [0m] Started Update UTMP about System Boot/Shutdown.
[[0;32m  OK  [0m] Started LSB: AppArmor initialization.
[   13.048790] cloud-init[541]: Cloud-init v. 18.4-0ubuntu1~16.04.2 running 'init-local' at Tue, 07 May 2019 06:18:35 +0000. Up 12.72 seconds.
[[0;32m  OK  [0m] Started Set console font and keymap.
[[0;32m  OK  [0m] Started Initial cloud-init job (pre-networking).
[[0;32m  OK  [0m] Reached target Network (Pre).
         Starting Raise network interfaces...
[[0;32m  OK  [0m] Created slice system-getty.slice.
[[0;32m  OK  [0m] Started Raise network interfaces.
[[0;32m  OK  [0m] Reached target Network.
         Starting Initial cloud-init job (metadata service crawler)...
[   14.405900] cloud-init[970]: Cloud-init v. 18.4-0ubuntu1~16.04.2 running 'init' at Tue, 07 May 2019 06:18:36 +0000. Up 13.91 seconds.
[   14.489069] cloud-init[970]: ci-info: ++++++++++++++++++++++++++++++++++++++Net device info+++++++++++++++++++++++++++++++++++++++
[[   14.490016] cloud-init[970]: ci-info: +--------+-------+----------------------------+---------------+--------+-------------------+
[0;32m  OK  [0m] Started Initial cloud-init job (metadata service crawler).
[   14.491926] cloud-init[970]: ci-info: | Device |   Up  |          Address           |      Mask     | Scope  |     Hw-Address    |
[   14.721346] cloud-init[970]: ci-info: +--------+-------+----------------------------+---------------+--------+-------------------+
[[   14.722367] cloud-init[970]: ci-info: | enp0s3 |  True |         10.0.2.15          | 255.255.255.0 | global | 02:47:ec:b6:72:35 |
[0;32m  OK  [0m] Reached target Network is Online.
[   14.723327] cloud-init[970]: ci-info: | enp0s3 |  True | fe80::47:ecff:feb6:7235/64 |       .       |  link  | 02:47:ec:b6:72:35 |
[   14.771438] cloud-init[970]: ci-info: | enp0s8 | False |             .              |       .       |   .    | 08:00:27:f0:c4:ae |
[   14.773227] cloud-init[970]: ci-info: |   lo   |  True |         127.0.0.1          |   255.0.0.0   |  host  |         .         |
[   14.775109] cloud-init[970]: ci-info: |   lo   |  True |          ::1/128           |       .       |  host  |         .         |
[   14.776910] cloud-init[970]: ci-info: +--------+-------+----------------------------+---------------+--------+-------------------+
[   14.779837] cloud-init[970]: ci-info: +++++++++++++++++++++++++++Route IPv4 info++++++++++++++++++++++++++++
[   14.781516] cloud-init[970]: ci-info: +-------+-------------+----------+---------------+-----------+-------+
[   14.783174] cloud-init[970]: ci-info: | Route | Destination | Gateway  |    Genmask    | Interface | Flags |
[   14.786289] cloud-init[970]: ci-info: +-------+-------------+----------+---------------+-----------+-------+
[   14.788032] cloud-init[970]: ci-info: |   0   |   0.0.0.0   | 10.0.2.2 |    0.0.0.0    |   enp0s3  |   UG  |
[   14.788387] cloud-init[970]: ci-info: |   1   |   10.0.2.0  | 0.0.0.0  | 255.255.255.0 |   enp0s3  |   U   |
         Starting iSCSI initiator daemon (iscsid)...
[[   14.788535] cloud-init[970]: ci-info: +-------+-------------+----------+---------------+-----------+-------+
[0;32m  OK  [0m] Reached target Cloud-config availability.
[   14.807302] cloud-init[970]: ci-info: +++++++++++++++++++Route IPv6 info+++++++++++++++++++
[   14.920705] cloud-init[970]: ci-info: +-------+-------------+---------+-----------+-------+
[[   14.921783] cloud-init[970]: ci-info: | Route | Destination | Gateway | Interface | Flags |
[0;32m  OK  [0m[   14.926378] cloud-init[970]: ci-info: +-------+-------------+---------+-----------+-------+
] Reached target System Initialization.
[   14.928249] cloud-init[970]: ci-info: |   0   |  fe80::/64  |    ::   |   enp0s3  |   U   |
[   14.981547] cloud-init[970]: ci-info: |   3   |   ff00::/8  |    ::   |   enp0s3  |   U   |
         [   14.981806] cloud-init[970]: ci-info: +-------+-------------+---------+-----------+-------+
Starting LXD - unix socket.
[[   14.982889] cloud-init[970]: Generating public/private rsa key pair.
[0;32m  OK  [0m[   15.014534] cloud-init[970]: Your identification has been saved in /etc/ssh/ssh_host_rsa_key.
] [   15.016450] cloud-init[970]: Your public key has been saved in /etc/ssh/ssh_host_rsa_key.pub.
Started Daily Cleanup of Temporary Directories.[   15.018292] cloud-init[970]: The key fingerprint is:

[   15.021056] cloud-init[970]: SHA256:cLRLHlYRyu3sQX1bG6mr3tE+iW3ztWL/ck3bMddEeXY root@ubuntu-xenial
[[   15.021360] cloud-init[970]: The key's randomart image is:
[0;32m  OK  [0m[   15.029186] cloud-init[970]: +---[RSA 2048]----+
] Listening on ACPID Listen Socket.
[[   15.029837] cloud-init[970]: |        . +o    .|
[0;32m  OK  [0m[   15.040775] cloud-init[970]: |       o = .   .E|
] [   15.041779] cloud-init[970]: |      . O o . .=+|
Listening on UUID daemon activation socket.[   15.042231] cloud-init[970]: |       * *   ..o+|

[   15.043161] cloud-init[970]: |        S +  ..o.|
[   15.044514] cloud-init[970]: |         . .  oo+|
[[   15.044944] cloud-init[970]: |          .  oooX|
[0;32m  OK  [0m[   15.045808] cloud-init[970]: |            o++B*|
] [   15.046671] cloud-init[970]: |          .o..+*B|
Listening on D-Bus System Message Bus Socket.
[   15.047356] cloud-init[970]: +----[SHA256]-----+
         [   15.120114] cloud-init[970]: Generating public/private dsa key pair.
Starting Socket activation for snappy daemon.
[   15.120457] cloud-init[970]: Your identification has been saved in /etc/ssh/ssh_host_dsa_key.
[   15.315918] cloud-init[970]: Your public key has been saved in /etc/ssh/ssh_host_dsa_key.pub.
[[   15.316970] cloud-init[970]: The key fingerprint is:
[0;32m  OK  [0m] Started ACPI Events Check.
[[   15.317960] cloud-init[970]: SHA256:snRVaDQ6VuLghlbfqdehvFIUq1TTw8pw63b+rSgbEMk root@ubuntu-xenial
[0;32m  OK  [0m[   15.390451] cloud-init[970]: The key's randomart image is:
] [   15.395869] cloud-init[970]: +---[DSA 1024]----+
Reached target Paths.[   15.399112] cloud-init[970]: |      o ..B+.    |

[   15.402737] cloud-init[970]: |     + =.B+B+    |
[[   15.403525] cloud-init[970]: |    o o E=*o..   |
[0;32m  OK  [0m[   15.409816] cloud-init[970]: |   . . o O+o .   |
] [   15.412513] cloud-init[970]: |      o S.= .    |
Started Daily apt download activities.[   15.414280] cloud-init[970]: |     . + +o..    |

[   15.416830] cloud-init[970]: |      . ..oo     |
[   15.419415] cloud-init[970]: |         ..... . |
[[   15.419862] cloud-init[970]: |          .o..o..|
[0;32m  OK  [0m[   15.421237] cloud-init[970]: +----[SHA256]-----+
] [   15.422511] cloud-init[970]: Generating public/private ecdsa key pair.
Started Daily apt upgrade and clean activities.[   15.423338] cloud-init[970]: Your identification has been saved in /etc/ssh/ssh_host_ecdsa_key.

[   15.424942] cloud-init[970]: Your public key has been saved in /etc/ssh/ssh_host_ecdsa_key.pub.
[   15.427432] cloud-init[970]: The key fingerprint is:
[[   15.427729] cloud-init[970]: SHA256:Xl9g6pR5lhnJlVTeA/KYVcZqjP0pbDmvV5bjLi0j3/M root@ubuntu-xenial
[0;32m  OK  [0m[   15.428482] cloud-init[970]: The key's randomart image is:
] [   15.429814] cloud-init[970]: +---[ECDSA 256]---+
Reached target Timers.
[   15.430625] cloud-init[970]: |           . +==.|
[   15.432680] cloud-init[970]: |           .*o+o.|
[   15.433593] cloud-init[970]: |           oX...o|
[   15.434536] cloud-init[970]: |           * X  .|
[   15.435368] cloud-init[970]: |        S * B + o|
[   15.436346] cloud-init[970]: |       . + + B =o|
[   15.437159] cloud-init[970]: |        . . o *.o|
[   15.437934] cloud-init[970]: |           . +.* |
[   15.438752] cloud-init[970]: |            ooBoE|
[   15.439544] cloud-init[970]: +----[SHA256]-----+
[   15.440426] cloud-init[970]: Generating public/private ed25519 key pair.
[   15.441390] cloud-init[970]: Your identification has been saved in /etc/ssh/ssh_host_ed25519_key.
[   15.442467] cloud-init[970]: Your public key has been saved in /etc/ssh/ssh_host_ed25519_key.pub.
[   15.443618] cloud-init[970]: The key fingerprint is:
[   15.444523] cloud-init[970]: SHA256:oQSVRUh1dKBccNlBrZjGaTeHKJIMRVyW698JuE7/miQ root@ubuntu-xenial
[   15.445612] cloud-init[970]: The key's randomart image is:
[   15.446452] cloud-init[970]: +--[ED25519 256]--+
[   15.447364] cloud-init[970]: |    .*=BB+*=+o   |
[   15.450060] cloud-init[970]: |    ..+o.=... .  |
[[   15.450802] cloud-init[970]: |     o..+o = o   |
[0;32m  OK  [0m[   15.451262] cloud-init[970]: |     .+.o.O = .  |
] [   15.452109] cloud-init[970]: |      .oS= . o   |
Listening on LXD - unix socket.
[[   15.452377] cloud-init[970]: |        o .      |
[0;32m  OK  [0m[   15.455250] cloud-init[970]: |        Eo.o .   |
] [   15.456212] cloud-init[970]: |       ..+..o    |
Listening on Socket activation for snappy daemon.
[[   15.456424] cloud-init[970]: |       .. +o.    |
[0;32m  OK  [0m[   15.472305] cloud-init[970]: +----[SHA256]-----+
] Started iSCSI initiator daemon (iscsid).
         Starting Login to default iSCSI targets...
[[0;32m  OK  [0m] Reached target Sockets.
[[0;32m  OK  [0m] Reached target Basic System.
[[0;32m  OK  [0m] Started Regular background program processing daemon.
[[0;32m  OK  [0m] Started Unattended Upgrades Shutdown.
         Starting Snappy daemon...
         Starting LXD - container startup/shutdown...
[[0;32m  OK  [0m] Started ACPI event daemon.
[[0;32m  OK  [0m] Started FUSE filesystem for LXC.
[[0;32m  OK  [0m] Started D-Bus System Message Bus.
         Starting System Logging Service...
         Starting /etc/rc.local Compatibility...
         Starting Login Service...
         Starting LSB: MD monitoring daemon...
[[0;32m  OK  [0m] Started Deferred execution scheduler.
         Starting Accounts Service...
         Starting Virtualbox guest utils...
         Starting Pollinate to seed the pseudo random number generator...
         Starting LSB: Record successful boot for GRUB...
[[0;32m  OK  [0m] Started System Logging Service.
[[0;32m  OK  [0m] Started /etc/rc.local Compatibility.
[[0;32m  OK  [0m] Started LXD - container startup/shutdown.
[[0;32m  OK  [0m] Started Snappy daemon.
[[0;32m  OK  [0m] Started Login to default iSCSI targets.
[[0;32m  OK  [0m] Started LSB: MD monitoring daemon.
[[0;32m  OK  [0m] Started LSB: Record successful boot for GRUB.
[[0;32m  OK  [0m] Started Login Service.
[[0;32m  OK  [0m] Started Virtualbox guest utils.
         Starting Authenticate and Authorize Users to Run Privileged Tasks...
[[0;32m  OK  [0m] Reached target Remote File Systems (Pre).
[[0;32m  OK  [0m] Reached target Remote File Systems.
         Starting LSB: daemon to balance interrupts for SMP systems...
         Starting Permit User Sessions...
         Starting LSB: automatic crash report generation...
         Starting LSB: Set the CPU Frequency Scaling governor to "ondemand"...
         Starting Wait until snapd is fully seeded...
[[0;32m  OK  [0m] Started Permit User Sessions.
[[0;32m  OK  [0m] Started Authenticate and Authorize Users to Run Privileged Tasks.
[[0;32m  OK  [0m] Started Accounts Service.
         Starting Hold until boot process finishes up...
         Starting Terminate Plymouth Boot Screen...
[[0;32m  OK  [0m] Started LSB: daemon to balance interrupts for SMP systems.
[[0;32m  OK  [0m] Started LSB: automatic crash report generation.
[[0;32m  OK  [0m] Started LSB: Set the CPU Frequency Scaling governor to "ondemand".
[[0;32m  OK  [0m] Started Hold until boot process finishes up.
[[0;32m  OK  [0m] Started Terminate Plymouth Boot Screen.
[[0;32m  OK  [0m] Started Serial Getty on ttyS0.
[[0;32m  OK  [0m] Started Getty on tty1.
[[0;32m  OK  [0m] Reached target Login Prompts.
         Starting Set console scheme...
[[0;32m  OK  [0m] Started Pollinate to seed the pseudo random number generator.
[[0;32m  OK  [0m] Started Set console scheme.
         Starting OpenBSD Secure Shell server...
[[0;32m  OK  [0m] Started OpenBSD Secure Shell server.
[[0;32m  OK  [0m] Created slice User Slice of vagrant.
         Starting User Manager for UID 1000...
[[0;32m  OK  [0m] Started Session 1 of user vagrant.
[[0;32m  OK  [0m] Started User Manager for UID 1000.
[[0;32m  OK  [0m] Started Wait until snapd is fully seeded.
         Starting Apply the settings specified in cloud-config...
[[0;32m  OK  [0m] Reached target Multi-User System.
[[0;32m  OK  [0m] Reached target Graphical Interface.
         Starting Update UTMP about System Runlevel Changes...
[[0;32m  OK  [0m] Started Update UTMP about System Runlevel Changes.
[   19.109959] cloud-init[1367]: Generating locales (this might take a while)...
[   19.813477] cloud-init[1367]:   en_US.UTF-8... done
[   19.814964] cloud-init[1367]: Generation complete.
[   20.067632] cloud-init[1367]: Cloud-init v. 18.4-0ubuntu1~16.04.2 running 'modules:config' at Tue, 07 May 2019 06:18:41 +0000. Up 19.03 seconds.
[[0;32m  OK  [0m] Started Apply the settings specified in cloud-config.
         Starting Execute cloud user/final scripts...
ci-info: no authorized ssh keys fingerprints found for user ubuntu.
<14>May  7 06:18:43 ec2: 
<14>May  7 06:18:43 ec2: #############################################################
<14>May  7 06:18:43 ec2: -----BEGIN SSH HOST KEY FINGERPRINTS-----
<14>May  7 06:18:43 ec2: 1024 SHA256:snRVaDQ6VuLghlbfqdehvFIUq1TTw8pw63b+rSgbEMk root@ubuntu-xenial (DSA)
<14>May  7 06:18:43 ec2: 256 SHA256:Xl9g6pR5lhnJlVTeA/KYVcZqjP0pbDmvV5bjLi0j3/M root@ubuntu-xenial (ECDSA)
<14>May  7 06:18:43 ec2: 256 SHA256:oQSVRUh1dKBccNlBrZjGaTeHKJIMRVyW698JuE7/miQ root@ubuntu-xenial (ED25519)
<14>May  7 06:18:43 ec2: 2048 SHA256:cLRLHlYRyu3sQX1bG6mr3tE+iW3ztWL/ck3bMddEeXY root@ubuntu-xenial (RSA)
<14>May  7 06:18:43 ec2: -----END SSH HOST KEY FINGERPRINTS-----
<14>May  7 06:18:43 ec2: #############################################################
-----BEGIN SSH HOST KEY KEYS-----
ecdsa-sha2-nistp256 AAAAE2VjZHNhLXNoYTItbmlzdHAyNTYAAAAIbmlzdHAyNTYAAABBBBMu1NuDP4T6s/V5wB1w25i3WapqrfXYgxKLjHkYz6aHd22ty/7IZNIC4L2J9pbWXNqdxhcNX0nDfdv6ry3G/LE= root@ubuntu-xenial
ssh-ed25519 AAAAC3NzaC1lZDI1NTE5AAAAIG7R86RgnaiMI3uIApkN66tDpF8xEojAZKciFLX8zpSj root@ubuntu-xenial
ssh-rsa AAAAB3NzaC1yc2EAAAADAQABAAABAQC73vuOiMRSDf+eQzKcnopeebdBapFVjdi+1xJp9rzRYHPgU1NGeoALl2oKIpxAnk31li8pnf0ogdfTNZizxue8gyUQRs4VBFEWeS4nj0BpXN85EFWAopqbUsCMpmwbH1V2CniTNv6FXMOOzWZPM6bnmFOxnPT7gO/GuY8tuMacJXG+VtCsC+JdZ8jtLd5NWlA6fvo7dYRbOmOPFSO+SGoEuTkdrJAnHfjQ7cs1Ae/Mrfqv+v9TX0TleCDvkiy8nqGFimT42PS3BZFj+56zmgtAIvjt/V/SBgYuXZwjg+3atQEHN0fSbWuLd0rpHsQepcZHX3KP9pRuTgUkNOpwavcj root@ubuntu-xenial
-----END SSH HOST KEY KEYS-----
[   20.551079] cloud-init[1442]: Cloud-init v. 18.4-0ubuntu1~16.04.2 running 'modules:final' at Tue, 07 May 2019 06:18:43 +0000. Up 20.36 seconds.
[   20.600806] cloud-init[1442]: ci-info: no authorized ssh keys fingerprints found for user ubuntu.
[[   20.601137] cloud-init[1442]: Cloud-init v. 18.4-0ubuntu1~16.04.2 finished at Tue, 07 May 2019 06:18:43 +0000. Datasource DataSourceNoCloud [seed=/dev/sdb][dsmode=net].  Up 20.54 seconds
[0;32m  OK  [0m] Started Execute cloud user/final scripts.
[[0;32m  OK  [0m] Reached target Cloud-init target.

Ubuntu 16.04.5 LTS node-2 ttyS0

node-2 login: 